{"/home/luiz/projetos/gobarber/src/components/Button/index.tsx": {"path":"/home/luiz/projetos/gobarber/src/components/Button/index.tsx","statementMap":{"0":{"start":{"line":10,"column":38},"end":{"line":14,"column":1}},"1":{"start":{"line":11,"column":2},"end":{"line":13,"column":14}}},"fnMap":{"0":{"name":"(anonymous_0)","decl":{"start":{"line":10,"column":38},"end":{"line":10,"column":39}},"loc":{"start":{"line":11,"column":2},"end":{"line":13,"column":14}},"line":11}},"branchMap":{},"s":{"0":1,"1":1},"f":{"0":1},"b":{},"_coverageSchema":"1a1c01bbd47fc00a2c39e90264f33305004495a9","hash":"03fe225f9055de9a575e8ccf3298f3c812254db6"}
,"/home/luiz/projetos/gobarber/src/components/Input/index.tsx": {"path":"/home/luiz/projetos/gobarber/src/components/Input/index.tsx","statementMap":{"0":{"start":{"line":28,"column":66},"end":{"line":97,"column":1}},"1":{"start":{"line":34,"column":26},"end":{"line":34,"column":43}},"2":{"start":{"line":38,"column":6},"end":{"line":38,"column":20}},"3":{"start":{"line":39,"column":24},"end":{"line":39,"column":76}},"4":{"start":{"line":41,"column":36},"end":{"line":41,"column":51}},"5":{"start":{"line":42,"column":34},"end":{"line":42,"column":49}},"6":{"start":{"line":44,"column":27},"end":{"line":46,"column":8}},"7":{"start":{"line":45,"column":4},"end":{"line":45,"column":23}},"8":{"start":{"line":48,"column":26},"end":{"line":52,"column":8}},"9":{"start":{"line":49,"column":4},"end":{"line":49,"column":24}},"10":{"start":{"line":51,"column":4},"end":{"line":51,"column":47}},"11":{"start":{"line":54,"column":2},"end":{"line":58,"column":6}},"12":{"start":{"line":54,"column":34},"end":{"line":58,"column":3}},"13":{"start":{"line":56,"column":6},"end":{"line":56,"column":38}},"14":{"start":{"line":60,"column":2},"end":{"line":74,"column":33}},"15":{"start":{"line":61,"column":4},"end":{"line":73,"column":7}},"16":{"start":{"line":66,"column":8},"end":{"line":66,"column":44}},"17":{"start":{"line":67,"column":8},"end":{"line":67,"column":64}},"18":{"start":{"line":70,"column":8},"end":{"line":70,"column":41}},"19":{"start":{"line":71,"column":8},"end":{"line":71,"column":40}},"20":{"start":{"line":76,"column":2},"end":{"line":96,"column":4}},"21":{"start":{"line":91,"column":10},"end":{"line":91,"column":46}}},"fnMap":{"0":{"name":"(anonymous_0)","decl":{"start":{"line":28,"column":66},"end":{"line":28,"column":67}},"loc":{"start":{"line":33,"column":5},"end":{"line":97,"column":1}},"line":33},"1":{"name":"(anonymous_1)","decl":{"start":{"line":44,"column":39},"end":{"line":44,"column":40}},"loc":{"start":{"line":44,"column":45},"end":{"line":46,"column":3}},"line":44},"2":{"name":"(anonymous_2)","decl":{"start":{"line":48,"column":38},"end":{"line":48,"column":39}},"loc":{"start":{"line":48,"column":44},"end":{"line":52,"column":3}},"line":48},"3":{"name":"(anonymous_3)","decl":{"start":{"line":54,"column":27},"end":{"line":54,"column":28}},"loc":{"start":{"line":54,"column":34},"end":{"line":58,"column":3}},"line":54},"4":{"name":"(anonymous_4)","decl":{"start":{"line":55,"column":4},"end":{"line":55,"column":5}},"loc":{"start":{"line":55,"column":12},"end":{"line":57,"column":5}},"line":55},"5":{"name":"(anonymous_5)","decl":{"start":{"line":60,"column":12},"end":{"line":60,"column":13}},"loc":{"start":{"line":60,"column":18},"end":{"line":74,"column":3}},"line":60},"6":{"name":"(anonymous_6)","decl":{"start":{"line":65,"column":6},"end":{"line":65,"column":7}},"loc":{"start":{"line":65,"column":33},"end":{"line":68,"column":7}},"line":65},"7":{"name":"(anonymous_7)","decl":{"start":{"line":69,"column":6},"end":{"line":69,"column":7}},"loc":{"start":{"line":69,"column":19},"end":{"line":72,"column":7}},"line":69},"8":{"name":"(anonymous_8)","decl":{"start":{"line":90,"column":22},"end":{"line":90,"column":23}},"loc":{"start":{"line":90,"column":33},"end":{"line":92,"column":9}},"line":90}},"branchMap":{"0":{"loc":{"start":{"line":30,"column":16},"end":{"line":30,"column":35}},"type":"default-arg","locations":[{"start":{"line":30,"column":33},"end":{"line":30,"column":35}}],"line":30},"1":{"loc":{"start":{"line":37,"column":19},"end":{"line":37,"column":36}},"type":"default-arg","locations":[{"start":{"line":37,"column":34},"end":{"line":37,"column":36}}],"line":37},"2":{"loc":{"start":{"line":81,"column":15},"end":{"line":81,"column":60}},"type":"cond-expr","locations":[{"start":{"line":81,"column":39},"end":{"line":81,"column":48}},{"start":{"line":81,"column":51},"end":{"line":81,"column":60}}],"line":81},"3":{"loc":{"start":{"line":81,"column":15},"end":{"line":81,"column":36}},"type":"binary-expr","locations":[{"start":{"line":81,"column":15},"end":{"line":81,"column":24}},{"start":{"line":81,"column":28},"end":{"line":81,"column":36}}],"line":81}},"s":{"0":1,"1":2,"2":2,"3":2,"4":2,"5":2,"6":2,"7":0,"8":2,"9":0,"10":0,"11":2,"12":1,"13":0,"14":2,"15":2,"16":0,"17":0,"18":0,"19":0,"20":2,"21":0},"f":{"0":2,"1":0,"2":0,"3":1,"4":0,"5":2,"6":0,"7":0,"8":0},"b":{"0":[2],"1":[2],"2":[0,2],"3":[2,2]},"_coverageSchema":"1a1c01bbd47fc00a2c39e90264f33305004495a9","hash":"f742032ee0773844b2b9bf702c4339e79f3abd64"}
,"/home/luiz/projetos/gobarber/src/hooks/auth.tsx": {"path":"/home/luiz/projetos/gobarber/src/hooks/auth.tsx","statementMap":{"0":{"start":{"line":36,"column":20},"end":{"line":36,"column":73}},"1":{"start":{"line":38,"column":31},"end":{"line":110,"column":1}},"2":{"start":{"line":39,"column":26},"end":{"line":39,"column":62}},"3":{"start":{"line":40,"column":32},"end":{"line":40,"column":46}},"4":{"start":{"line":42,"column":2},"end":{"line":59,"column":9}},"5":{"start":{"line":44,"column":28},"end":{"line":47,"column":8}},"6":{"start":{"line":49,"column":6},"end":{"line":53,"column":7}},"7":{"start":{"line":50,"column":8},"end":{"line":50,"column":66}},"8":{"start":{"line":52,"column":8},"end":{"line":52,"column":64}},"9":{"start":{"line":55,"column":6},"end":{"line":55,"column":24}},"10":{"start":{"line":58,"column":4},"end":{"line":58,"column":22}},"11":{"start":{"line":61,"column":17},"end":{"line":77,"column":8}},"12":{"start":{"line":62,"column":21},"end":{"line":65,"column":6}},"13":{"start":{"line":67,"column":28},"end":{"line":67,"column":41}},"14":{"start":{"line":69,"column":4},"end":{"line":72,"column":7}},"15":{"start":{"line":74,"column":4},"end":{"line":74,"column":59}},"16":{"start":{"line":76,"column":4},"end":{"line":76,"column":42}},"17":{"start":{"line":79,"column":18},"end":{"line":83,"column":8}},"18":{"start":{"line":80,"column":4},"end":{"line":80,"column":74}},"19":{"start":{"line":82,"column":4},"end":{"line":82,"column":29}},"20":{"start":{"line":85,"column":21},"end":{"line":95,"column":3}},"21":{"start":{"line":87,"column":6},"end":{"line":87,"column":73}},"22":{"start":{"line":89,"column":6},"end":{"line":92,"column":9}},"23":{"start":{"line":97,"column":2},"end":{"line":109,"column":4}},"24":{"start":{"line":113,"column":18},"end":{"line":113,"column":41}},"25":{"start":{"line":115,"column":2},"end":{"line":117,"column":3}},"26":{"start":{"line":116,"column":4},"end":{"line":116,"column":67}},"27":{"start":{"line":119,"column":2},"end":{"line":119,"column":17}}},"fnMap":{"0":{"name":"(anonymous_0)","decl":{"start":{"line":38,"column":31},"end":{"line":38,"column":32}},"loc":{"start":{"line":38,"column":49},"end":{"line":110,"column":1}},"line":38},"1":{"name":"(anonymous_1)","decl":{"start":{"line":42,"column":12},"end":{"line":42,"column":13}},"loc":{"start":{"line":42,"column":18},"end":{"line":59,"column":3}},"line":42},"2":{"name":"loadStorageData","decl":{"start":{"line":43,"column":19},"end":{"line":43,"column":34}},"loc":{"start":{"line":43,"column":52},"end":{"line":56,"column":5}},"line":43},"3":{"name":"(anonymous_3)","decl":{"start":{"line":61,"column":29},"end":{"line":61,"column":30}},"loc":{"start":{"line":61,"column":60},"end":{"line":77,"column":3}},"line":61},"4":{"name":"(anonymous_4)","decl":{"start":{"line":79,"column":30},"end":{"line":79,"column":31}},"loc":{"start":{"line":79,"column":42},"end":{"line":83,"column":3}},"line":79},"5":{"name":"(anonymous_5)","decl":{"start":{"line":86,"column":4},"end":{"line":86,"column":5}},"loc":{"start":{"line":86,"column":26},"end":{"line":93,"column":5}},"line":86},"6":{"name":"useAuth","decl":{"start":{"line":112,"column":9},"end":{"line":112,"column":16}},"loc":{"start":{"line":112,"column":36},"end":{"line":120,"column":1}},"line":112}},"branchMap":{"0":{"loc":{"start":{"line":49,"column":6},"end":{"line":53,"column":7}},"type":"if","locations":[{"start":{"line":49,"column":6},"end":{"line":53,"column":7}},{"start":{"line":49,"column":6},"end":{"line":53,"column":7}}],"line":49},"1":{"loc":{"start":{"line":49,"column":10},"end":{"line":49,"column":29}},"type":"binary-expr","locations":[{"start":{"line":49,"column":10},"end":{"line":49,"column":18}},{"start":{"line":49,"column":22},"end":{"line":49,"column":29}}],"line":49},"2":{"loc":{"start":{"line":115,"column":2},"end":{"line":117,"column":3}},"type":"if","locations":[{"start":{"line":115,"column":2},"end":{"line":117,"column":3}},{"start":{"line":115,"column":2},"end":{"line":117,"column":3}}],"line":115}},"s":{"0":1,"1":1,"2":0,"3":0,"4":0,"5":0,"6":0,"7":0,"8":0,"9":0,"10":0,"11":0,"12":0,"13":0,"14":0,"15":0,"16":0,"17":0,"18":0,"19":0,"20":0,"21":0,"22":0,"23":0,"24":1,"25":1,"26":0,"27":1},"f":{"0":0,"1":0,"2":0,"3":0,"4":0,"5":0,"6":1},"b":{"0":[0,0],"1":[0,0],"2":[0,1]},"_coverageSchema":"1a1c01bbd47fc00a2c39e90264f33305004495a9","hash":"f16cbb15240376562bda47c314a251fef0463d60"}
,"/home/luiz/projetos/gobarber/src/pages/AppointmentCreated/index.tsx": {"path":"/home/luiz/projetos/gobarber/src/pages/AppointmentCreated/index.tsx","statementMap":{"0":{"start":{"line":18,"column":37},"end":{"line":59,"column":1}},"1":{"start":{"line":19,"column":20},"end":{"line":19,"column":35}},"2":{"start":{"line":20,"column":21},"end":{"line":20,"column":31}},"3":{"start":{"line":22,"column":22},"end":{"line":22,"column":43}},"4":{"start":{"line":24,"column":26},"end":{"line":33,"column":13}},"5":{"start":{"line":25,"column":4},"end":{"line":32,"column":7}},"6":{"start":{"line":35,"column":24},"end":{"line":45,"column":3}},"7":{"start":{"line":37,"column":6},"end":{"line":43,"column":7}},"8":{"start":{"line":47,"column":2},"end":{"line":58,"column":4}}},"fnMap":{"0":{"name":"(anonymous_0)","decl":{"start":{"line":18,"column":37},"end":{"line":18,"column":38}},"loc":{"start":{"line":18,"column":43},"end":{"line":59,"column":1}},"line":18},"1":{"name":"(anonymous_1)","decl":{"start":{"line":24,"column":38},"end":{"line":24,"column":39}},"loc":{"start":{"line":24,"column":44},"end":{"line":33,"column":3}},"line":24},"2":{"name":"(anonymous_2)","decl":{"start":{"line":36,"column":4},"end":{"line":36,"column":5}},"loc":{"start":{"line":37,"column":6},"end":{"line":43,"column":7}},"line":37}},"branchMap":{},"s":{"0":0,"1":0,"2":0,"3":0,"4":0,"5":0,"6":0,"7":0,"8":0},"f":{"0":0,"1":0,"2":0},"b":{}}
,"/home/luiz/projetos/gobarber/src/pages/CreateAppointment/index.tsx": {"path":"/home/luiz/projetos/gobarber/src/pages/CreateAppointment/index.tsx","statementMap":{"0":{"start":{"line":52,"column":36},"end":{"line":273,"column":1}},"1":{"start":{"line":53,"column":42},"end":{"line":53,"column":74}},"2":{"start":{"line":54,"column":36},"end":{"line":54,"column":60}},"3":{"start":{"line":55,"column":42},"end":{"line":55,"column":53}},"4":{"start":{"line":56,"column":46},"end":{"line":56,"column":61}},"5":{"start":{"line":57,"column":42},"end":{"line":57,"column":62}},"6":{"start":{"line":59,"column":16},"end":{"line":59,"column":26}},"7":{"start":{"line":60,"column":19},"end":{"line":60,"column":28}},"8":{"start":{"line":61,"column":31},"end":{"line":61,"column":46}},"9":{"start":{"line":62,"column":22},"end":{"line":62,"column":49}},"10":{"start":{"line":64,"column":50},"end":{"line":66,"column":3}},"11":{"start":{"line":68,"column":23},"end":{"line":70,"column":14}},"12":{"start":{"line":69,"column":4},"end":{"line":69,"column":13}},"13":{"start":{"line":72,"column":2},"end":{"line":76,"column":9}},"14":{"start":{"line":73,"column":4},"end":{"line":75,"column":7}},"15":{"start":{"line":74,"column":6},"end":{"line":74,"column":34}},"16":{"start":{"line":78,"column":2},"end":{"line":90,"column":39}},"17":{"start":{"line":79,"column":4},"end":{"line":89,"column":9}},"18":{"start":{"line":88,"column":8},"end":{"line":88,"column":39}},"19":{"start":{"line":92,"column":33},"end":{"line":94,"column":8}},"20":{"start":{"line":93,"column":4},"end":{"line":93,"column":36}},"21":{"start":{"line":96,"column":21},"end":{"line":109,"column":3}},"22":{"start":{"line":98,"column":6},"end":{"line":106,"column":26}},"23":{"start":{"line":99,"column":23},"end":{"line":99,"column":58}},"24":{"start":{"line":111,"column":33},"end":{"line":113,"column":8}},"25":{"start":{"line":112,"column":4},"end":{"line":112,"column":39}},"26":{"start":{"line":112,"column":31},"end":{"line":112,"column":37}},"27":{"start":{"line":115,"column":28},"end":{"line":126,"column":3}},"28":{"start":{"line":117,"column":6},"end":{"line":119,"column":7}},"29":{"start":{"line":118,"column":8},"end":{"line":118,"column":33}},"30":{"start":{"line":121,"column":6},"end":{"line":123,"column":7}},"31":{"start":{"line":122,"column":8},"end":{"line":122,"column":30}},"32":{"start":{"line":128,"column":30},"end":{"line":138,"column":3}},"33":{"start":{"line":130,"column":6},"end":{"line":136,"column":11}},"34":{"start":{"line":131,"column":30},"end":{"line":131,"column":39}},"35":{"start":{"line":132,"column":39},"end":{"line":136,"column":9}},"36":{"start":{"line":140,"column":32},"end":{"line":150,"column":3}},"37":{"start":{"line":142,"column":6},"end":{"line":148,"column":11}},"38":{"start":{"line":143,"column":30},"end":{"line":143,"column":40}},"39":{"start":{"line":144,"column":39},"end":{"line":148,"column":9}},"40":{"start":{"line":152,"column":27},"end":{"line":154,"column":8}},"41":{"start":{"line":153,"column":4},"end":{"line":153,"column":26}},"42":{"start":{"line":156,"column":34},"end":{"line":175,"column":62}},"43":{"start":{"line":157,"column":4},"end":{"line":174,"column":5}},"44":{"start":{"line":158,"column":19},"end":{"line":158,"column":41}},"45":{"start":{"line":160,"column":6},"end":{"line":160,"column":34}},"46":{"start":{"line":161,"column":6},"end":{"line":161,"column":25}},"47":{"start":{"line":163,"column":6},"end":{"line":166,"column":9}},"48":{"start":{"line":168,"column":6},"end":{"line":168,"column":63}},"49":{"start":{"line":170,"column":6},"end":{"line":173,"column":8}},"50":{"start":{"line":177,"column":2},"end":{"line":272,"column":4}},"51":{"start":{"line":195,"column":38},"end":{"line":195,"column":49}},"52":{"start":{"line":196,"column":32},"end":{"line":196,"column":48}},"53":{"start":{"line":229,"column":16},"end":{"line":239,"column":23}},"54":{"start":{"line":234,"column":33},"end":{"line":234,"column":55}},"55":{"start":{"line":250,"column":18},"end":{"line":260,"column":25}},"56":{"start":{"line":255,"column":35},"end":{"line":255,"column":57}}},"fnMap":{"0":{"name":"(anonymous_0)","decl":{"start":{"line":52,"column":36},"end":{"line":52,"column":37}},"loc":{"start":{"line":52,"column":42},"end":{"line":273,"column":1}},"line":52},"1":{"name":"(anonymous_1)","decl":{"start":{"line":68,"column":35},"end":{"line":68,"column":36}},"loc":{"start":{"line":68,"column":41},"end":{"line":70,"column":3}},"line":68},"2":{"name":"(anonymous_2)","decl":{"start":{"line":72,"column":12},"end":{"line":72,"column":13}},"loc":{"start":{"line":72,"column":18},"end":{"line":76,"column":3}},"line":72},"3":{"name":"(anonymous_3)","decl":{"start":{"line":73,"column":30},"end":{"line":73,"column":31}},"loc":{"start":{"line":73,"column":42},"end":{"line":75,"column":5}},"line":73},"4":{"name":"(anonymous_4)","decl":{"start":{"line":78,"column":12},"end":{"line":78,"column":13}},"loc":{"start":{"line":78,"column":18},"end":{"line":90,"column":3}},"line":78},"5":{"name":"(anonymous_5)","decl":{"start":{"line":87,"column":12},"end":{"line":87,"column":13}},"loc":{"start":{"line":87,"column":24},"end":{"line":89,"column":7}},"line":87},"6":{"name":"(anonymous_6)","decl":{"start":{"line":92,"column":45},"end":{"line":92,"column":46}},"loc":{"start":{"line":92,"column":69},"end":{"line":94,"column":3}},"line":92},"7":{"name":"(anonymous_7)","decl":{"start":{"line":97,"column":4},"end":{"line":97,"column":5}},"loc":{"start":{"line":98,"column":6},"end":{"line":106,"column":26}},"line":98},"8":{"name":"(anonymous_8)","decl":{"start":{"line":99,"column":17},"end":{"line":99,"column":18}},"loc":{"start":{"line":99,"column":23},"end":{"line":99,"column":58}},"line":99},"9":{"name":"(anonymous_9)","decl":{"start":{"line":111,"column":45},"end":{"line":111,"column":46}},"loc":{"start":{"line":111,"column":51},"end":{"line":113,"column":3}},"line":111},"10":{"name":"(anonymous_10)","decl":{"start":{"line":112,"column":22},"end":{"line":112,"column":23}},"loc":{"start":{"line":112,"column":31},"end":{"line":112,"column":37}},"line":112},"11":{"name":"(anonymous_11)","decl":{"start":{"line":116,"column":4},"end":{"line":116,"column":5}},"loc":{"start":{"line":116,"column":44},"end":{"line":124,"column":5}},"line":116},"12":{"name":"(anonymous_12)","decl":{"start":{"line":129,"column":4},"end":{"line":129,"column":5}},"loc":{"start":{"line":130,"column":6},"end":{"line":136,"column":11}},"line":130},"13":{"name":"(anonymous_13)","decl":{"start":{"line":131,"column":16},"end":{"line":131,"column":17}},"loc":{"start":{"line":131,"column":30},"end":{"line":131,"column":39}},"line":131},"14":{"name":"(anonymous_14)","decl":{"start":{"line":132,"column":13},"end":{"line":132,"column":14}},"loc":{"start":{"line":132,"column":39},"end":{"line":136,"column":9}},"line":132},"15":{"name":"(anonymous_15)","decl":{"start":{"line":141,"column":4},"end":{"line":141,"column":5}},"loc":{"start":{"line":142,"column":6},"end":{"line":148,"column":11}},"line":142},"16":{"name":"(anonymous_16)","decl":{"start":{"line":143,"column":16},"end":{"line":143,"column":17}},"loc":{"start":{"line":143,"column":30},"end":{"line":143,"column":40}},"line":143},"17":{"name":"(anonymous_17)","decl":{"start":{"line":144,"column":13},"end":{"line":144,"column":14}},"loc":{"start":{"line":144,"column":39},"end":{"line":148,"column":9}},"line":144},"18":{"name":"(anonymous_18)","decl":{"start":{"line":152,"column":39},"end":{"line":152,"column":40}},"loc":{"start":{"line":152,"column":57},"end":{"line":154,"column":3}},"line":152},"19":{"name":"(anonymous_19)","decl":{"start":{"line":156,"column":46},"end":{"line":156,"column":47}},"loc":{"start":{"line":156,"column":58},"end":{"line":175,"column":3}},"line":156},"20":{"name":"(anonymous_20)","decl":{"start":{"line":195,"column":26},"end":{"line":195,"column":27}},"loc":{"start":{"line":195,"column":38},"end":{"line":195,"column":49}},"line":195},"21":{"name":"(anonymous_21)","decl":{"start":{"line":196,"column":24},"end":{"line":196,"column":25}},"loc":{"start":{"line":196,"column":32},"end":{"line":196,"column":48}},"line":196},"22":{"name":"(anonymous_22)","decl":{"start":{"line":228,"column":39},"end":{"line":228,"column":40}},"loc":{"start":{"line":229,"column":16},"end":{"line":239,"column":23}},"line":229},"23":{"name":"(anonymous_23)","decl":{"start":{"line":234,"column":27},"end":{"line":234,"column":28}},"loc":{"start":{"line":234,"column":33},"end":{"line":234,"column":55}},"line":234},"24":{"name":"(anonymous_24)","decl":{"start":{"line":249,"column":16},"end":{"line":249,"column":17}},"loc":{"start":{"line":250,"column":18},"end":{"line":260,"column":25}},"line":250},"25":{"name":"(anonymous_25)","decl":{"start":{"line":255,"column":29},"end":{"line":255,"column":30}},"loc":{"start":{"line":255,"column":35},"end":{"line":255,"column":57}},"line":255}},"branchMap":{"0":{"loc":{"start":{"line":117,"column":6},"end":{"line":119,"column":7}},"type":"if","locations":[{"start":{"line":117,"column":6},"end":{"line":119,"column":7}},{"start":{"line":117,"column":6},"end":{"line":119,"column":7}}],"line":117},"1":{"loc":{"start":{"line":121,"column":6},"end":{"line":123,"column":7}},"type":"if","locations":[{"start":{"line":121,"column":6},"end":{"line":123,"column":7}},{"start":{"line":121,"column":6},"end":{"line":123,"column":7}}],"line":121},"2":{"loc":{"start":{"line":209,"column":11},"end":{"line":218,"column":11}},"type":"cond-expr","locations":[{"start":{"line":210,"column":12},"end":{"line":215,"column":14}},{"start":{"line":217,"column":12},"end":{"line":217,"column":17}}],"line":209}},"s":{"0":0,"1":0,"2":0,"3":0,"4":0,"5":0,"6":0,"7":0,"8":0,"9":0,"10":0,"11":0,"12":0,"13":0,"14":0,"15":0,"16":0,"17":0,"18":0,"19":0,"20":0,"21":0,"22":0,"23":0,"24":0,"25":0,"26":0,"27":0,"28":0,"29":0,"30":0,"31":0,"32":0,"33":0,"34":0,"35":0,"36":0,"37":0,"38":0,"39":0,"40":0,"41":0,"42":0,"43":0,"44":0,"45":0,"46":0,"47":0,"48":0,"49":0,"50":0,"51":0,"52":0,"53":0,"54":0,"55":0,"56":0},"f":{"0":0,"1":0,"2":0,"3":0,"4":0,"5":0,"6":0,"7":0,"8":0,"9":0,"10":0,"11":0,"12":0,"13":0,"14":0,"15":0,"16":0,"17":0,"18":0,"19":0,"20":0,"21":0,"22":0,"23":0,"24":0,"25":0},"b":{"0":[0,0],"1":[0,0],"2":[0,0]}}
,"/home/luiz/projetos/gobarber/src/pages/Dashboard/index.tsx": {"path":"/home/luiz/projetos/gobarber/src/pages/Dashboard/index.tsx","statementMap":{"0":{"start":{"line":31,"column":28},"end":{"line":104,"column":1}},"1":{"start":{"line":32,"column":36},"end":{"line":32,"column":60}},"2":{"start":{"line":33,"column":28},"end":{"line":33,"column":37}},"3":{"start":{"line":34,"column":23},"end":{"line":34,"column":38}},"4":{"start":{"line":36,"column":2},"end":{"line":40,"column":9}},"5":{"start":{"line":37,"column":4},"end":{"line":39,"column":7}},"6":{"start":{"line":38,"column":6},"end":{"line":38,"column":34}},"7":{"start":{"line":42,"column":28},"end":{"line":44,"column":16}},"8":{"start":{"line":43,"column":4},"end":{"line":43,"column":24}},"9":{"start":{"line":46,"column":38},"end":{"line":51,"column":3}},"10":{"start":{"line":48,"column":6},"end":{"line":48,"column":52}},"11":{"start":{"line":53,"column":28},"end":{"line":56,"column":3}},"12":{"start":{"line":54,"column":10},"end":{"line":54,"column":62}},"13":{"start":{"line":58,"column":21},"end":{"line":81,"column":3}},"14":{"start":{"line":60,"column":6},"end":{"line":78,"column":26}},"15":{"start":{"line":61,"column":23},"end":{"line":61,"column":63}},"16":{"start":{"line":83,"column":2},"end":{"line":103,"column":4}},"17":{"start":{"line":98,"column":34},"end":{"line":98,"column":45}},"18":{"start":{"line":100,"column":28},"end":{"line":100,"column":44}}},"fnMap":{"0":{"name":"(anonymous_0)","decl":{"start":{"line":31,"column":28},"end":{"line":31,"column":29}},"loc":{"start":{"line":31,"column":34},"end":{"line":104,"column":1}},"line":31},"1":{"name":"(anonymous_1)","decl":{"start":{"line":36,"column":12},"end":{"line":36,"column":13}},"loc":{"start":{"line":36,"column":18},"end":{"line":40,"column":3}},"line":36},"2":{"name":"(anonymous_2)","decl":{"start":{"line":37,"column":30},"end":{"line":37,"column":31}},"loc":{"start":{"line":37,"column":42},"end":{"line":39,"column":5}},"line":37},"3":{"name":"(anonymous_3)","decl":{"start":{"line":42,"column":40},"end":{"line":42,"column":41}},"loc":{"start":{"line":42,"column":46},"end":{"line":44,"column":3}},"line":42},"4":{"name":"(anonymous_4)","decl":{"start":{"line":47,"column":4},"end":{"line":47,"column":5}},"loc":{"start":{"line":47,"column":28},"end":{"line":49,"column":5}},"line":47},"5":{"name":"(anonymous_5)","decl":{"start":{"line":54,"column":4},"end":{"line":54,"column":5}},"loc":{"start":{"line":54,"column":10},"end":{"line":54,"column":62}},"line":54},"6":{"name":"(anonymous_6)","decl":{"start":{"line":59,"column":4},"end":{"line":59,"column":5}},"loc":{"start":{"line":60,"column":6},"end":{"line":78,"column":26}},"line":60},"7":{"name":"(anonymous_7)","decl":{"start":{"line":61,"column":17},"end":{"line":61,"column":18}},"loc":{"start":{"line":61,"column":23},"end":{"line":61,"column":63}},"line":61},"8":{"name":"(anonymous_8)","decl":{"start":{"line":98,"column":22},"end":{"line":98,"column":23}},"loc":{"start":{"line":98,"column":34},"end":{"line":98,"column":45}},"line":98},"9":{"name":"(anonymous_9)","decl":{"start":{"line":100,"column":20},"end":{"line":100,"column":21}},"loc":{"start":{"line":100,"column":28},"end":{"line":100,"column":44}},"line":100}},"branchMap":{},"s":{"0":0,"1":0,"2":0,"3":0,"4":0,"5":0,"6":0,"7":0,"8":0,"9":0,"10":0,"11":0,"12":0,"13":0,"14":0,"15":0,"16":0,"17":0,"18":0},"f":{"0":0,"1":0,"2":0,"3":0,"4":0,"5":0,"6":0,"7":0,"8":0,"9":0},"b":{}}
,"/home/luiz/projetos/gobarber/src/pages/ForgotPassword/index.tsx": {"path":"/home/luiz/projetos/gobarber/src/pages/ForgotPassword/index.tsx","statementMap":{},"fnMap":{},"branchMap":{},"s":{},"f":{},"b":{}}
,"/home/luiz/projetos/gobarber/src/pages/Profile/index.tsx": {"path":"/home/luiz/projetos/gobarber/src/pages/Profile/index.tsx","statementMap":{"0":{"start":{"line":42,"column":26},"end":{"line":268,"column":1}},"1":{"start":{"line":43,"column":31},"end":{"line":43,"column":40}},"2":{"start":{"line":45,"column":18},"end":{"line":45,"column":43}},"3":{"start":{"line":46,"column":21},"end":{"line":46,"column":36}},"4":{"start":{"line":48,"column":24},"end":{"line":48,"column":47}},"5":{"start":{"line":49,"column":30},"end":{"line":49,"column":53}},"6":{"start":{"line":50,"column":27},"end":{"line":50,"column":50}},"7":{"start":{"line":51,"column":34},"end":{"line":51,"column":57}},"8":{"start":{"line":53,"column":23},"end":{"line":125,"column":3}},"9":{"start":{"line":55,"column":6},"end":{"line":122,"column":7}},"10":{"start":{"line":56,"column":8},"end":{"line":56,"column":39}},"11":{"start":{"line":58,"column":23},"end":{"line":76,"column":10}},"12":{"start":{"line":65,"column":23},"end":{"line":65,"column":35}},"13":{"start":{"line":71,"column":25},"end":{"line":71,"column":37}},"14":{"start":{"line":78,"column":8},"end":{"line":80,"column":11}},"15":{"start":{"line":88,"column":12},"end":{"line":88,"column":16}},"16":{"start":{"line":90,"column":25},"end":{"line":100,"column":9}},"17":{"start":{"line":102,"column":25},"end":{"line":102,"column":60}},"18":{"start":{"line":104,"column":8},"end":{"line":104,"column":34}},"19":{"start":{"line":106,"column":8},"end":{"line":106,"column":54}},"20":{"start":{"line":108,"column":8},"end":{"line":108,"column":28}},"21":{"start":{"line":110,"column":8},"end":{"line":116,"column":9}},"22":{"start":{"line":111,"column":25},"end":{"line":111,"column":49}},"23":{"start":{"line":113,"column":10},"end":{"line":113,"column":45}},"24":{"start":{"line":115,"column":10},"end":{"line":115,"column":17}},"25":{"start":{"line":118,"column":8},"end":{"line":121,"column":10}},"26":{"start":{"line":127,"column":29},"end":{"line":163,"column":27}},"27":{"start":{"line":128,"column":4},"end":{"line":162,"column":6}},"28":{"start":{"line":136,"column":8},"end":{"line":138,"column":9}},"29":{"start":{"line":137,"column":10},"end":{"line":137,"column":17}},"30":{"start":{"line":140,"column":8},"end":{"line":143,"column":9}},"31":{"start":{"line":141,"column":10},"end":{"line":141,"column":54}},"32":{"start":{"line":142,"column":10},"end":{"line":142,"column":17}},"33":{"start":{"line":145,"column":21},"end":{"line":145,"column":35}},"34":{"start":{"line":147,"column":8},"end":{"line":151,"column":11}},"35":{"start":{"line":153,"column":8},"end":{"line":160,"column":13}},"36":{"start":{"line":156,"column":12},"end":{"line":156,"column":41}},"37":{"start":{"line":159,"column":12},"end":{"line":159,"column":29}},"38":{"start":{"line":165,"column":23},"end":{"line":167,"column":18}},"39":{"start":{"line":166,"column":4},"end":{"line":166,"column":24}},"40":{"start":{"line":169,"column":2},"end":{"line":267,"column":4}},"41":{"start":{"line":201,"column":18},"end":{"line":201,"column":49}},"42":{"start":{"line":215,"column":18},"end":{"line":215,"column":55}},"43":{"start":{"line":229,"column":18},"end":{"line":229,"column":52}},"44":{"start":{"line":242,"column":18},"end":{"line":242,"column":59}},"45":{"start":{"line":253,"column":39},"end":{"line":253,"column":68}},"46":{"start":{"line":258,"column":16},"end":{"line":258,"column":46}}},"fnMap":{"0":{"name":"(anonymous_0)","decl":{"start":{"line":42,"column":26},"end":{"line":42,"column":27}},"loc":{"start":{"line":42,"column":32},"end":{"line":268,"column":1}},"line":42},"1":{"name":"(anonymous_1)","decl":{"start":{"line":54,"column":4},"end":{"line":54,"column":5}},"loc":{"start":{"line":54,"column":37},"end":{"line":123,"column":5}},"line":54},"2":{"name":"(anonymous_2)","decl":{"start":{"line":65,"column":16},"end":{"line":65,"column":17}},"loc":{"start":{"line":65,"column":23},"end":{"line":65,"column":35}},"line":65},"3":{"name":"(anonymous_3)","decl":{"start":{"line":71,"column":18},"end":{"line":71,"column":19}},"loc":{"start":{"line":71,"column":25},"end":{"line":71,"column":37}},"line":71},"4":{"name":"(anonymous_4)","decl":{"start":{"line":127,"column":41},"end":{"line":127,"column":42}},"loc":{"start":{"line":127,"column":47},"end":{"line":163,"column":3}},"line":127},"5":{"name":"(anonymous_5)","decl":{"start":{"line":135,"column":6},"end":{"line":135,"column":7}},"loc":{"start":{"line":135,"column":18},"end":{"line":161,"column":7}},"line":135},"6":{"name":"(anonymous_6)","decl":{"start":{"line":155,"column":16},"end":{"line":155,"column":17}},"loc":{"start":{"line":155,"column":31},"end":{"line":157,"column":11}},"line":155},"7":{"name":"(anonymous_7)","decl":{"start":{"line":158,"column":17},"end":{"line":158,"column":18}},"loc":{"start":{"line":158,"column":24},"end":{"line":160,"column":11}},"line":158},"8":{"name":"(anonymous_8)","decl":{"start":{"line":165,"column":35},"end":{"line":165,"column":36}},"loc":{"start":{"line":165,"column":41},"end":{"line":167,"column":3}},"line":165},"9":{"name":"(anonymous_9)","decl":{"start":{"line":200,"column":33},"end":{"line":200,"column":34}},"loc":{"start":{"line":200,"column":39},"end":{"line":202,"column":17}},"line":200},"10":{"name":"(anonymous_10)","decl":{"start":{"line":214,"column":33},"end":{"line":214,"column":34}},"loc":{"start":{"line":214,"column":39},"end":{"line":216,"column":17}},"line":214},"11":{"name":"(anonymous_11)","decl":{"start":{"line":228,"column":33},"end":{"line":228,"column":34}},"loc":{"start":{"line":228,"column":39},"end":{"line":230,"column":17}},"line":228},"12":{"name":"(anonymous_12)","decl":{"start":{"line":241,"column":33},"end":{"line":241,"column":34}},"loc":{"start":{"line":241,"column":39},"end":{"line":243,"column":17}},"line":241},"13":{"name":"(anonymous_13)","decl":{"start":{"line":253,"column":33},"end":{"line":253,"column":34}},"loc":{"start":{"line":253,"column":39},"end":{"line":253,"column":68}},"line":253},"14":{"name":"(anonymous_14)","decl":{"start":{"line":257,"column":23},"end":{"line":257,"column":24}},"loc":{"start":{"line":257,"column":29},"end":{"line":259,"column":15}},"line":257}},"branchMap":{"0":{"loc":{"start":{"line":93,"column":14},"end":{"line":99,"column":16}},"type":"cond-expr","locations":[{"start":{"line":94,"column":14},"end":{"line":98,"column":15}},{"start":{"line":99,"column":14},"end":{"line":99,"column":16}}],"line":93},"1":{"loc":{"start":{"line":110,"column":8},"end":{"line":116,"column":9}},"type":"if","locations":[{"start":{"line":110,"column":8},"end":{"line":116,"column":9}},{"start":{"line":110,"column":8},"end":{"line":116,"column":9}}],"line":110},"2":{"loc":{"start":{"line":136,"column":8},"end":{"line":138,"column":9}},"type":"if","locations":[{"start":{"line":136,"column":8},"end":{"line":138,"column":9}},{"start":{"line":136,"column":8},"end":{"line":138,"column":9}}],"line":136},"3":{"loc":{"start":{"line":140,"column":8},"end":{"line":143,"column":9}},"type":"if","locations":[{"start":{"line":140,"column":8},"end":{"line":143,"column":9}},{"start":{"line":140,"column":8},"end":{"line":143,"column":9}}],"line":140},"4":{"loc":{"start":{"line":173,"column":18},"end":{"line":173,"column":63}},"type":"cond-expr","locations":[{"start":{"line":173,"column":42},"end":{"line":173,"column":51}},{"start":{"line":173,"column":54},"end":{"line":173,"column":63}}],"line":173}},"s":{"0":0,"1":0,"2":0,"3":0,"4":0,"5":0,"6":0,"7":0,"8":0,"9":0,"10":0,"11":0,"12":0,"13":0,"14":0,"15":0,"16":0,"17":0,"18":0,"19":0,"20":0,"21":0,"22":0,"23":0,"24":0,"25":0,"26":0,"27":0,"28":0,"29":0,"30":0,"31":0,"32":0,"33":0,"34":0,"35":0,"36":0,"37":0,"38":0,"39":0,"40":0,"41":0,"42":0,"43":0,"44":0,"45":0,"46":0},"f":{"0":0,"1":0,"2":0,"3":0,"4":0,"5":0,"6":0,"7":0,"8":0,"9":0,"10":0,"11":0,"12":0,"13":0,"14":0},"b":{"0":[0,0],"1":[0,0],"2":[0,0],"3":[0,0],"4":[0,0]}}
,"/home/luiz/projetos/gobarber/src/pages/SignIn/index.tsx": {"path":"/home/luiz/projetos/gobarber/src/pages/SignIn/index.tsx","statementMap":{"0":{"start":{"line":38,"column":25},"end":{"line":158,"column":1}},"1":{"start":{"line":39,"column":18},"end":{"line":39,"column":43}},"2":{"start":{"line":40,"column":27},"end":{"line":40,"column":50}},"3":{"start":{"line":42,"column":21},"end":{"line":42,"column":36}},"4":{"start":{"line":44,"column":21},"end":{"line":44,"column":30}},"5":{"start":{"line":45,"column":23},"end":{"line":81,"column":3}},"6":{"start":{"line":47,"column":6},"end":{"line":78,"column":7}},"7":{"start":{"line":48,"column":8},"end":{"line":48,"column":39}},"8":{"start":{"line":50,"column":23},"end":{"line":55,"column":10}},"9":{"start":{"line":57,"column":8},"end":{"line":59,"column":11}},"10":{"start":{"line":61,"column":8},"end":{"line":64,"column":11}},"11":{"start":{"line":66,"column":8},"end":{"line":72,"column":9}},"12":{"start":{"line":67,"column":25},"end":{"line":67,"column":49}},"13":{"start":{"line":69,"column":10},"end":{"line":69,"column":45}},"14":{"start":{"line":71,"column":10},"end":{"line":71,"column":17}},"15":{"start":{"line":74,"column":8},"end":{"line":77,"column":10}},"16":{"start":{"line":83,"column":2},"end":{"line":157,"column":4}},"17":{"start":{"line":111,"column":18},"end":{"line":111,"column":52}},"18":{"start":{"line":123,"column":18},"end":{"line":123,"column":48}},"19":{"start":{"line":130,"column":20},"end":{"line":130,"column":50}},"20":{"start":{"line":139,"column":16},"end":{"line":139,"column":35}},"21":{"start":{"line":150,"column":10},"end":{"line":150,"column":40}}},"fnMap":{"0":{"name":"(anonymous_0)","decl":{"start":{"line":38,"column":25},"end":{"line":38,"column":26}},"loc":{"start":{"line":38,"column":31},"end":{"line":158,"column":1}},"line":38},"1":{"name":"(anonymous_1)","decl":{"start":{"line":46,"column":4},"end":{"line":46,"column":5}},"loc":{"start":{"line":46,"column":36},"end":{"line":79,"column":5}},"line":46},"2":{"name":"(anonymous_2)","decl":{"start":{"line":110,"column":33},"end":{"line":110,"column":34}},"loc":{"start":{"line":110,"column":39},"end":{"line":112,"column":17}},"line":110},"3":{"name":"(anonymous_3)","decl":{"start":{"line":122,"column":33},"end":{"line":122,"column":34}},"loc":{"start":{"line":122,"column":39},"end":{"line":124,"column":17}},"line":122},"4":{"name":"(anonymous_4)","decl":{"start":{"line":129,"column":27},"end":{"line":129,"column":28}},"loc":{"start":{"line":129,"column":33},"end":{"line":131,"column":19}},"line":129},"5":{"name":"(anonymous_5)","decl":{"start":{"line":138,"column":23},"end":{"line":138,"column":24}},"loc":{"start":{"line":138,"column":29},"end":{"line":140,"column":15}},"line":138},"6":{"name":"(anonymous_6)","decl":{"start":{"line":149,"column":17},"end":{"line":149,"column":18}},"loc":{"start":{"line":149,"column":23},"end":{"line":151,"column":9}},"line":149}},"branchMap":{"0":{"loc":{"start":{"line":66,"column":8},"end":{"line":72,"column":9}},"type":"if","locations":[{"start":{"line":66,"column":8},"end":{"line":72,"column":9}},{"start":{"line":66,"column":8},"end":{"line":72,"column":9}}],"line":66},"1":{"loc":{"start":{"line":87,"column":18},"end":{"line":87,"column":63}},"type":"cond-expr","locations":[{"start":{"line":87,"column":42},"end":{"line":87,"column":51}},{"start":{"line":87,"column":54},"end":{"line":87,"column":63}}],"line":87}},"s":{"0":1,"1":1,"2":1,"3":1,"4":1,"5":1,"6":0,"7":0,"8":0,"9":0,"10":0,"11":0,"12":0,"13":0,"14":0,"15":0,"16":1,"17":0,"18":0,"19":0,"20":0,"21":0},"f":{"0":1,"1":0,"2":0,"3":0,"4":0,"5":0,"6":0},"b":{"0":[0,0],"1":[1,0]},"_coverageSchema":"1a1c01bbd47fc00a2c39e90264f33305004495a9","hash":"54b2be26fd5e34051107d40acc56e19a3bf0017d"}
,"/home/luiz/projetos/gobarber/src/pages/SignUp/index.tsx": {"path":"/home/luiz/projetos/gobarber/src/pages/SignUp/index.tsx","statementMap":{"0":{"start":{"line":36,"column":25},"end":{"line":165,"column":1}},"1":{"start":{"line":37,"column":18},"end":{"line":37,"column":43}},"2":{"start":{"line":38,"column":24},"end":{"line":38,"column":47}},"3":{"start":{"line":39,"column":27},"end":{"line":39,"column":50}},"4":{"start":{"line":40,"column":21},"end":{"line":40,"column":36}},"5":{"start":{"line":42,"column":23},"end":{"line":84,"column":3}},"6":{"start":{"line":44,"column":6},"end":{"line":81,"column":7}},"7":{"start":{"line":45,"column":8},"end":{"line":45,"column":39}},"8":{"start":{"line":47,"column":23},"end":{"line":53,"column":10}},"9":{"start":{"line":55,"column":8},"end":{"line":57,"column":11}},"10":{"start":{"line":59,"column":8},"end":{"line":59,"column":39}},"11":{"start":{"line":61,"column":8},"end":{"line":63,"column":10}},"12":{"start":{"line":65,"column":8},"end":{"line":65,"column":28}},"13":{"start":{"line":67,"column":8},"end":{"line":73,"column":9}},"14":{"start":{"line":68,"column":25},"end":{"line":68,"column":49}},"15":{"start":{"line":70,"column":10},"end":{"line":70,"column":45}},"16":{"start":{"line":72,"column":10},"end":{"line":72,"column":17}},"17":{"start":{"line":75,"column":8},"end":{"line":78,"column":10}},"18":{"start":{"line":80,"column":8},"end":{"line":80,"column":27}},"19":{"start":{"line":86,"column":2},"end":{"line":164,"column":4}},"20":{"start":{"line":112,"column":18},"end":{"line":112,"column":49}},"21":{"start":{"line":125,"column":18},"end":{"line":125,"column":52}},"22":{"start":{"line":137,"column":18},"end":{"line":137,"column":48}},"23":{"start":{"line":144,"column":20},"end":{"line":144,"column":50}},"24":{"start":{"line":157,"column":10},"end":{"line":157,"column":30}}},"fnMap":{"0":{"name":"(anonymous_0)","decl":{"start":{"line":36,"column":25},"end":{"line":36,"column":26}},"loc":{"start":{"line":36,"column":31},"end":{"line":165,"column":1}},"line":36},"1":{"name":"(anonymous_1)","decl":{"start":{"line":43,"column":4},"end":{"line":43,"column":5}},"loc":{"start":{"line":43,"column":36},"end":{"line":82,"column":5}},"line":43},"2":{"name":"(anonymous_2)","decl":{"start":{"line":111,"column":33},"end":{"line":111,"column":34}},"loc":{"start":{"line":111,"column":39},"end":{"line":113,"column":17}},"line":111},"3":{"name":"(anonymous_3)","decl":{"start":{"line":124,"column":33},"end":{"line":124,"column":34}},"loc":{"start":{"line":124,"column":39},"end":{"line":126,"column":17}},"line":124},"4":{"name":"(anonymous_4)","decl":{"start":{"line":136,"column":33},"end":{"line":136,"column":34}},"loc":{"start":{"line":136,"column":39},"end":{"line":138,"column":17}},"line":136},"5":{"name":"(anonymous_5)","decl":{"start":{"line":143,"column":27},"end":{"line":143,"column":28}},"loc":{"start":{"line":143,"column":33},"end":{"line":145,"column":19}},"line":143},"6":{"name":"(anonymous_6)","decl":{"start":{"line":156,"column":17},"end":{"line":156,"column":18}},"loc":{"start":{"line":156,"column":23},"end":{"line":158,"column":9}},"line":156}},"branchMap":{"0":{"loc":{"start":{"line":67,"column":8},"end":{"line":73,"column":9}},"type":"if","locations":[{"start":{"line":67,"column":8},"end":{"line":73,"column":9}},{"start":{"line":67,"column":8},"end":{"line":73,"column":9}}],"line":67},"1":{"loc":{"start":{"line":90,"column":18},"end":{"line":90,"column":63}},"type":"cond-expr","locations":[{"start":{"line":90,"column":42},"end":{"line":90,"column":51}},{"start":{"line":90,"column":54},"end":{"line":90,"column":63}}],"line":90}},"s":{"0":0,"1":0,"2":0,"3":0,"4":0,"5":0,"6":0,"7":0,"8":0,"9":0,"10":0,"11":0,"12":0,"13":0,"14":0,"15":0,"16":0,"17":0,"18":0,"19":0,"20":0,"21":0,"22":0,"23":0,"24":0},"f":{"0":0,"1":0,"2":0,"3":0,"4":0,"5":0,"6":0},"b":{"0":[0,0],"1":[0,0]}}
}
